<?xml version="1.0" encoding="UTF-8"?>
<testsuite name="com.admin.catalogo.application.category.create.CreateCategoryUseCaseTest" tests="1" skipped="0" failures="0" errors="0" timestamp="2022-09-03T16:01:57" hostname="PRAVALER-270" time="0.248">
  <properties/>
  <testcase name="givenAValidCommand_whenCallsCreateCategory_shouldReturnCategoryId()" classname="com.admin.catalogo.application.category.create.CreateCategoryUseCaseTest" time="0.248"/>
  <system-out><![CDATA[]]></system-out>
  <system-err><![CDATA[]]></system-err>
</testsuite>
